Using pre-set license
Built from '2020.3/staging' branch; Version is '2020.3.11f1 (99c7afb366b3) revision 10078127'; Using compiler version '192528614'; Build Type 'Release'
OS: 'Windows 10 Education; OS build 19041.985; Version 2004; 64bit' Language: 'ko' Physical Memory: 16313 MB
BatchMode: 1, IsHumanControllingUs: 0, StartBugReporterOnCrash: 0, Is64bit: 1, IsPro: 0

 COMMAND LINE ARGUMENTS:
C:\Program Files\Unity\Hub\Editor\2020.3.11f1\Editor\Unity.exe
-adb2
-batchMode
-noUpm
-name
AssetImportWorker0
-projectPath
D:/Unity/BE1
-logFile
Logs/AssetImportWorker0.log
-srvPort
11573
Successfully changed project path to: D:/Unity/BE1
D:/Unity/BE1
Using Asset Import Pipeline V2.
Refreshing native plugins compatible for Editor in 25.68 ms, found 2 plugins.
Preloading 0 native plugins for Editor in 0.00 ms.
Initialize engine version: 2020.3.11f1 (99c7afb366b3)
[Subsystems] Discovering subsystems at path C:/Program Files/Unity/Hub/Editor/2020.3.11f1/Editor/Data/Resources/UnitySubsystems
[Subsystems] Discovering subsystems at path D:/Unity/BE1/Assets
GfxDevice: creating device client; threaded=0
Direct3D:
    Version:  Direct3D 11.0 [level 11.1]
    Renderer: NVIDIA GeForce RTX 2060 SUPER (ID=0x1f06)
    Vendor:   
    VRAM:     8031 MB
    Driver:   27.21.14.5671
Initialize mono
Mono path[0] = 'C:/Program Files/Unity/Hub/Editor/2020.3.11f1/Editor/Data/Managed'
Mono path[1] = 'C:/Program Files/Unity/Hub/Editor/2020.3.11f1/Editor/Data/MonoBleedingEdge/lib/mono/unityjit'
Mono config path = 'C:/Program Files/Unity/Hub/Editor/2020.3.11f1/Editor/Data/MonoBleedingEdge/etc'
Using monoOptions --debugger-agent=transport=dt_socket,embedding=1,server=y,suspend=n,address=127.0.0.1:56476
Begin MonoManager ReloadAssembly
Registering precompiled unity dll's ...
Register platform support module: C:/Program Files/Unity/Hub/Editor/2020.3.11f1/Editor/Data/PlaybackEngines/WebGLSupport/UnityEditor.WebGL.Extensions.dll
Register platform support module: C:/Program Files/Unity/Hub/Editor/2020.3.11f1/Editor/Data/PlaybackEngines/WindowsStandaloneSupport/UnityEditor.WindowsStandalone.Extensions.dll
Registered in 0.002314 seconds.
Native extension for WindowsStandalone target not found
Native extension for WebGL target not found
Refreshing native plugins compatible for Editor in 26.20 ms, found 2 plugins.
Preloading 0 native plugins for Editor in 0.00 ms.
Mono: successfully reloaded assembly
- Completed reload, in  0.967 seconds
Platform modules already initialized, skipping
Registering precompiled user dll's ...
Registered in 0.002428 seconds.
Begin MonoManager ReloadAssembly
Native extension for WindowsStandalone target not found
Native extension for WebGL target not found
Refreshing native plugins compatible for Editor in 0.34 ms, found 2 plugins.
Preloading 0 native plugins for Editor in 0.00 ms.
Mono: successfully reloaded assembly
- Completed reload, in  0.830 seconds
Platform modules already initialized, skipping
========================================================================
Worker process is ready to serve import requests
Launched and connected shader compiler UnityShaderCompiler.exe after 0.04 seconds
Refreshing native plugins compatible for Editor in 0.32 ms, found 2 plugins.
Preloading 0 native plugins for Editor in 0.00 ms.
Unloading 1390 Unused Serialized files (Serialized files now loaded: 0)
System memory in use before: 77.6 MB.
System memory in use after: 77.7 MB.

Unloading 19 unused Assets to reduce memory usage. Loaded Objects now: 1842.
Total: 1.715300 ms (FindLiveObjects: 0.140400 ms CreateObjectMapping: 0.033900 ms MarkObjects: 1.461300 ms  DeleteObjects: 0.078600 ms)

========================================================================
Received Import Request.
  path: Assets/Scripts/GameManagerLogic.cs
  artifactKey: Guid(57c8bff2c8f55e4439646aa89d0f1812) Importer(815301076,1909f56bfc062723c751e8b465ee728b)
Start importing Assets/Scripts/GameManagerLogic.cs using Guid(57c8bff2c8f55e4439646aa89d0f1812) Importer(815301076,1909f56bfc062723c751e8b465ee728b)  -> (artifact id: '801539c2f3ff5865c257e2df298727a4') in 0.023378 seconds
  Import took 0.025441 seconds .

========================================================================
Received Import Request.
  Time since last request: 152.107565 seconds.
  path: Assets/Scripts/Item.cs
  artifactKey: Guid(73b33e29954dafb4a9d88bb0db61bb80) Importer(815301076,1909f56bfc062723c751e8b465ee728b)
Start importing Assets/Scripts/Item.cs using Guid(73b33e29954dafb4a9d88bb0db61bb80) Importer(815301076,1909f56bfc062723c751e8b465ee728b)  -> (artifact id: '5dfa41dc78dbdad24784a17af6b959c6') in 0.007800 seconds
  Import took 0.010422 seconds .

========================================================================
Received Import Request.
  Time since last request: 0.001137 seconds.
  path: Assets/Scripts/Item.cs
  artifactKey: Guid(73b33e29954dafb4a9d88bb0db61bb80) Importer(815301076,1909f56bfc062723c751e8b465ee728b)
Start importing Assets/Scripts/Item.cs using Guid(73b33e29954dafb4a9d88bb0db61bb80) Importer(815301076,1909f56bfc062723c751e8b465ee728b)  -> (artifact id: '5dfa41dc78dbdad24784a17af6b959c6') in 0.001645 seconds
  Import took 0.004035 seconds .

========================================================================
Received Import Request.
  Time since last request: 0.553456 seconds.
  path: Assets/Scripts/PlayerBall.cs
  artifactKey: Guid(4f9662021c3806643b1f6af382852ce4) Importer(815301076,1909f56bfc062723c751e8b465ee728b)
Start importing Assets/Scripts/PlayerBall.cs using Guid(4f9662021c3806643b1f6af382852ce4) Importer(815301076,1909f56bfc062723c751e8b465ee728b)  -> (artifact id: '9aea6d5e945841936ffcfcbf1161ff88') in 0.005426 seconds
  Import took 0.016153 seconds .

========================================================================
Received Import Request.
  Time since last request: 0.012426 seconds.
  path: Assets/Scripts/PlayerBall.cs
  artifactKey: Guid(4f9662021c3806643b1f6af382852ce4) Importer(815301076,1909f56bfc062723c751e8b465ee728b)
Start importing Assets/Scripts/PlayerBall.cs using Guid(4f9662021c3806643b1f6af382852ce4) Importer(815301076,1909f56bfc062723c751e8b465ee728b)  -> (artifact id: '9aea6d5e945841936ffcfcbf1161ff88') in 0.001860 seconds
  Import took 0.003764 seconds .

========================================================================
Received Import Request.
  Time since last request: 131.288519 seconds.
  path: Assets/Scenes/SampleScene.unity
  artifactKey: Guid(9fc0d4010bbf28b4594072e72b8655ab) Importer(815301076,1909f56bfc062723c751e8b465ee728b)
Start importing Assets/Scenes/SampleScene.unity using Guid(9fc0d4010bbf28b4594072e72b8655ab) Importer(815301076,1909f56bfc062723c751e8b465ee728b)  -> (artifact id: 'fd8de2d7db7f4ea2e1b6541f9719578a') in 0.008962 seconds
  Import took 0.021479 seconds .

AssetImportWorkerClient::OnTransportError - code=2 error=End of file
